<?xml version="1.0" encoding="UTF-8"?>
<!-- Generated by org.testng.reporters.JUnitReportReporter -->
<testsuite hostname="3a740c51604c" failures="0" tests="9" name="com.phuoclet.tests.vendorportal.VendorPortalTest" time="15.532" errors="0" timestamp="2024-01-23T17:03:09 GMT" skipped="0">
  <testcase classname="com.phuoclet.tests.vendorportal.VendorPortalTest" name="dashboardTest" time="2.725"/>
  <testcase classname="com.phuoclet.tests.vendorportal.VendorPortalTest" name="loginTest" time="1.766"/>
  <testcase classname="com.phuoclet.tests.vendorportal.VendorPortalTest" name="logoutTest" time="0.601"/>
  <testcase classname="com.phuoclet.tests.vendorportal.VendorPortalTest" name="loginTest" time="1.491"/>
  <testcase classname="com.phuoclet.tests.vendorportal.VendorPortalTest" name="logoutTest" time="0.632"/>
  <testcase classname="com.phuoclet.tests.vendorportal.VendorPortalTest" name="dashboardTest" time="2.692"/>
  <testcase classname="com.phuoclet.tests.vendorportal.VendorPortalTest" name="loginTest" time="1.473"/>
  <testcase classname="com.phuoclet.tests.vendorportal.VendorPortalTest" name="dashboardTest" time="2.207"/>
  <testcase classname="com.phuoclet.tests.vendorportal.VendorPortalTest" name="logoutTest" time="1.945"/>
</testsuite> <!-- com.phuoclet.tests.vendorportal.VendorPortalTest -->
