<?xml version="1.0" encoding="UTF-8"?>
<!-- Generated by org.testng.reporters.JUnitReportReporter -->
<testsuite hostname="0644980bfdce" failures="0" tests="9" name="com.phuoclet.tests.vendorportal.VendorPortalTest" time="11.941" errors="0" timestamp="2024-01-30T07:24:26 GMT" skipped="0">
  <testcase classname="com.phuoclet.tests.vendorportal.VendorPortalTest" name="logoutTest" time="0.656"/>
  <testcase classname="com.phuoclet.tests.vendorportal.VendorPortalTest" name="loginTest" time="1.908"/>
  <testcase classname="com.phuoclet.tests.vendorportal.VendorPortalTest" name="dashboardTest" time="2.204"/>
  <testcase classname="com.phuoclet.tests.vendorportal.VendorPortalTest" name="dashboardTest" time="1.693"/>
  <testcase classname="com.phuoclet.tests.vendorportal.VendorPortalTest" name="logoutTest" time="0.867"/>
  <testcase classname="com.phuoclet.tests.vendorportal.VendorPortalTest" name="loginTest" time="1.635"/>
  <testcase classname="com.phuoclet.tests.vendorportal.VendorPortalTest" name="logoutTest" time="0.703"/>
  <testcase classname="com.phuoclet.tests.vendorportal.VendorPortalTest" name="dashboardTest" time="0.648"/>
  <testcase classname="com.phuoclet.tests.vendorportal.VendorPortalTest" name="loginTest" time="1.627"/>
</testsuite> <!-- com.phuoclet.tests.vendorportal.VendorPortalTest -->
