<?xml version="1.0" encoding="UTF-8"?>
<!-- Generated by org.testng.reporters.JUnitReportReporter -->
<testsuite hostname="41195477699c" failures="0" tests="20" name="com.phuoclet.tests.flightreservation.FlightReservationTest" time="30.854" errors="0" timestamp="2024-01-30T07:24:31 GMT" skipped="0">
  <testcase classname="com.phuoclet.tests.flightreservation.FlightReservationTest" name="flightsSearchTest" time="1.618"/>
  <testcase classname="com.phuoclet.tests.flightreservation.FlightReservationTest" name="flightReservationConfirmationTest" time="1.108"/>
  <testcase classname="com.phuoclet.tests.flightreservation.FlightReservationTest" name="flightsSelectionTest" time="1.712"/>
  <testcase classname="com.phuoclet.tests.flightreservation.FlightReservationTest" name="flightsSelectionTest" time="1.201"/>
  <testcase classname="com.phuoclet.tests.flightreservation.FlightReservationTest" name="flightReservationConfirmationTest" time="1.092"/>
  <testcase classname="com.phuoclet.tests.flightreservation.FlightReservationTest" name="flightsSearchTest" time="2.058"/>
  <testcase classname="com.phuoclet.tests.flightreservation.FlightReservationTest" name="registrationConfirmationTest" time="0.618"/>
  <testcase classname="com.phuoclet.tests.flightreservation.FlightReservationTest" name="registrationConfirmationTest" time="2.184"/>
  <testcase classname="com.phuoclet.tests.flightreservation.FlightReservationTest" name="flightsSearchTest" time="1.365"/>
  <testcase classname="com.phuoclet.tests.flightreservation.FlightReservationTest" name="flightsSelectionTest" time="1.729"/>
  <testcase classname="com.phuoclet.tests.flightreservation.FlightReservationTest" name="userRegistrationTest" time="2.333"/>
  <testcase classname="com.phuoclet.tests.flightreservation.FlightReservationTest" name="registrationConfirmationTest" time="0.638"/>
  <testcase classname="com.phuoclet.tests.flightreservation.FlightReservationTest" name="userRegistrationTest" time="2.297"/>
  <testcase classname="com.phuoclet.tests.flightreservation.FlightReservationTest" name="userRegistrationTest" time="2.324"/>
  <testcase classname="com.phuoclet.tests.flightreservation.FlightReservationTest" name="userRegistrationTest" time="2.434"/>
  <testcase classname="com.phuoclet.tests.flightreservation.FlightReservationTest" name="flightReservationConfirmationTest" time="1.086"/>
  <testcase classname="com.phuoclet.tests.flightreservation.FlightReservationTest" name="flightsSearchTest" time="2.579"/>
  <testcase classname="com.phuoclet.tests.flightreservation.FlightReservationTest" name="flightsSelectionTest" time="0.683"/>
  <testcase classname="com.phuoclet.tests.flightreservation.FlightReservationTest" name="registrationConfirmationTest" time="0.636"/>
  <testcase classname="com.phuoclet.tests.flightreservation.FlightReservationTest" name="flightReservationConfirmationTest" time="1.159"/>
</testsuite> <!-- com.phuoclet.tests.flightreservation.FlightReservationTest -->
