<?xml version="1.0" encoding="UTF-8"?>
<!-- Generated by org.testng.reporters.JUnitReportReporter -->
<testsuite hostname="5eea8c7c133c" failures="0" tests="20" name="com.phuoclet.tests.flightreservation.FlightReservationTest" time="31.729" errors="0" timestamp="2024-01-23T17:03:11 GMT" skipped="0">
  <testcase classname="com.phuoclet.tests.flightreservation.FlightReservationTest" name="userRegistrationTest" time="2.768"/>
  <testcase classname="com.phuoclet.tests.flightreservation.FlightReservationTest" name="registrationConfirmationTest" time="0.605"/>
  <testcase classname="com.phuoclet.tests.flightreservation.FlightReservationTest" name="registrationConfirmationTest" time="1.661"/>
  <testcase classname="com.phuoclet.tests.flightreservation.FlightReservationTest" name="registrationConfirmationTest" time="1.152"/>
  <testcase classname="com.phuoclet.tests.flightreservation.FlightReservationTest" name="flightsSearchTest" time="2.071"/>
  <testcase classname="com.phuoclet.tests.flightreservation.FlightReservationTest" name="flightsSelectionTest" time="1.189"/>
  <testcase classname="com.phuoclet.tests.flightreservation.FlightReservationTest" name="flightsSelectionTest" time="1.742"/>
  <testcase classname="com.phuoclet.tests.flightreservation.FlightReservationTest" name="flightReservationConfirmationTest" time="1.591"/>
  <testcase classname="com.phuoclet.tests.flightreservation.FlightReservationTest" name="flightsSearchTest" time="1.884"/>
  <testcase classname="com.phuoclet.tests.flightreservation.FlightReservationTest" name="userRegistrationTest" time="2.740"/>
  <testcase classname="com.phuoclet.tests.flightreservation.FlightReservationTest" name="userRegistrationTest" time="2.130"/>
  <testcase classname="com.phuoclet.tests.flightreservation.FlightReservationTest" name="flightsSearchTest" time="2.667"/>
  <testcase classname="com.phuoclet.tests.flightreservation.FlightReservationTest" name="flightsSelectionTest" time="1.210"/>
  <testcase classname="com.phuoclet.tests.flightreservation.FlightReservationTest" name="flightReservationConfirmationTest" time="0.044"/>
  <testcase classname="com.phuoclet.tests.flightreservation.FlightReservationTest" name="flightReservationConfirmationTest" time="1.094"/>
  <testcase classname="com.phuoclet.tests.flightreservation.FlightReservationTest" name="userRegistrationTest" time="2.142"/>
  <testcase classname="com.phuoclet.tests.flightreservation.FlightReservationTest" name="registrationConfirmationTest" time="0.621"/>
  <testcase classname="com.phuoclet.tests.flightreservation.FlightReservationTest" name="flightsSearchTest" time="1.614"/>
  <testcase classname="com.phuoclet.tests.flightreservation.FlightReservationTest" name="flightsSelectionTest" time="1.200"/>
  <testcase classname="com.phuoclet.tests.flightreservation.FlightReservationTest" name="flightReservationConfirmationTest" time="1.604"/>
</testsuite> <!-- com.phuoclet.tests.flightreservation.FlightReservationTest -->
